<?xml version="1.0" encoding="UTF-8"?>
<!-- Generated by org.testng.reporters.JUnitReportReporter -->
<testsuite skipped="0" hostname="KimHoa" name="com.tests.demotesst" tests="3" failures="0" timestamp="16 Jul 2018 18:36:20 GMT" time="0.017" errors="0">
  <testcase name="TC001" time="0.012" classname="com.tests.demotesst"/>
  <testcase name="TC003" time="0.001" classname="com.tests.demotesst"/>
  <testcase name="TC002" time="0.004" classname="com.tests.demotesst"/>
</testsuite> <!-- com.tests.demotesst -->
