<?xml version="1.0" encoding="UTF-8"?>
<!-- Generated by org.testng.reporters.JUnitReportReporter -->
<testsuite skipped="0" hostname="KimHoa" name="com.tests.TestDemo" tests="1" failures="0" timestamp="09 Jun 2018 15:27:47 GMT" time="0.017" errors="0">
  <testcase name="Demo" time="0.017" classname="com.tests.TestDemo"/>
</testsuite> <!-- com.tests.TestDemo -->
