<?xml version="1.0" encoding="UTF-8"?>
<!-- Generated by org.testng.reporters.JUnitReportReporter -->
<testsuite skipped="0" hostname="KimHoa" name="com.tests.BMI_Calculate_Tests" tests="1" failures="0" timestamp="09 Jun 2018 15:49:43 GMT" time="12.995" errors="0">
  <testcase name="TC001" time="12.995" classname="com.tests.BMI_Calculate_Tests"/>
</testsuite> <!-- com.tests.BMI_Calculate_Tests -->
