<?xml version="1.0" encoding="UTF-8"?>
<!-- Generated by org.testng.reporters.JUnitReportReporter -->
<testsuite skipped="0" hostname="KimHoa" name="com.tests.VNW_Tests" tests="1" failures="0" timestamp="26 Jun 2018 16:10:30 GMT" time="31.460" errors="0">
  <testcase name="TC001" time="31.460" classname="com.tests.VNW_Tests"/>
</testsuite> <!-- com.tests.VNW_Tests -->
