<?xml version="1.0" encoding="UTF-8"?>
<!-- Generated by org.testng.reporters.JUnitReportReporter -->
<testsuite skipped="0" hostname="KimHoa" name="com.tests.BMI_Calculate_Tests" tests="1" failures="0" timestamp="23 Jun 2018 06:00:29 GMT" time="8.982" errors="0">
  <testcase name="TC001" time="8.982" classname="com.tests.BMI_Calculate_Tests"/>
</testsuite> <!-- com.tests.BMI_Calculate_Tests -->
