<?xml version="1.0" encoding="UTF-8"?>
<!-- Generated by org.testng.reporters.JUnitReportReporter -->
<testsuite skipped="0" hostname="KimHoa" name="com.untils.AndroidSupport" tests="1" failures="0" timestamp="23 Jun 2018 09:44:10 GMT" time="21.151" errors="0">
  <testcase name="SearchJob" time="21.151" classname="com.untils.AndroidSupport"/>
</testsuite> <!-- com.untils.AndroidSupport -->
