<?xml version="1.0" encoding="UTF-8"?>
<!-- Generated by org.testng.reporters.JUnitReportReporter -->
<testsuite skipped="0" hostname="KimHoa" name="com.tests.test" tests="1" failures="0" timestamp="02 Jun 2018 15:58:51 GMT" time="6.418" errors="0">
  <testcase name="TC1" time="6.418" classname="com.tests.test"/>
</testsuite> <!-- com.tests.test -->
