<?xml version="1.0" encoding="UTF-8"?>
<!-- Generated by org.testng.reporters.JUnitReportReporter -->
<testsuite skipped="0" hostname="KimHoa" name="com.untils.AndroidSupportTest" tests="1" failures="0" timestamp="24 Jun 2018 18:38:55 GMT" time="42.764" errors="0">
  <testcase name="SearchJob" time="42.764" classname="com.untils.AndroidSupportTest"/>
</testsuite> <!-- com.untils.AndroidSupportTest -->
